<?xml version="1.0" encoding="UTF-8" ?>
<testsuite tests="27" failures="0" name="TestSuite" time="7.444" errors="0" skipped="0">
  <properties>
    <property name="java.runtime.name" value="Java(TM) SE Runtime Environment"/>
    <property name="sun.boot.library.path" value="C:\Program Files\Java\jdk1.8.0_221\jre\bin"/>
    <property name="java.vm.version" value="25.221-b11"/>
    <property name="java.vm.vendor" value="Oracle Corporation"/>
    <property name="maven.multiModuleProjectDirectory" value="E:\Repo\challenge"/>
    <property name="java.vendor.url" value="http://java.oracle.com/"/>
    <property name="path.separator" value=";"/>
    <property name="guice.disable.misplaced.annotation.check" value="true"/>
    <property name="java.vm.name" value="Java HotSpot(TM) 64-Bit Server VM"/>
    <property name="file.encoding.pkg" value="sun.io"/>
    <property name="user.script" value=""/>
    <property name="user.country" value="PL"/>
    <property name="sun.java.launcher" value="SUN_STANDARD"/>
    <property name="sun.os.patch.level" value=""/>
    <property name="java.vm.specification.name" value="Java Virtual Machine Specification"/>
    <property name="user.dir" value="E:\Repo\challenge"/>
    <property name="java.runtime.version" value="1.8.0_221-b11"/>
    <property name="java.awt.graphicsenv" value="sun.awt.Win32GraphicsEnvironment"/>
    <property name="java.endorsed.dirs" value="C:\Program Files\Java\jdk1.8.0_221\jre\lib\endorsed"/>
    <property name="os.arch" value="amd64"/>
    <property name="java.io.tmpdir" value="C:\Users\Kamil\AppData\Local\Temp\"/>
    <property name="line.separator" value="
"/>
    <property name="java.vm.specification.vendor" value="Oracle Corporation"/>
    <property name="user.variant" value=""/>
    <property name="os.name" value="Windows 10"/>
    <property name="classworlds.conf" value="C:\Program Files\Maven\apache-maven-3.6.2-bin\apache-maven-3.6.2\bin\..\bin\m2.conf"/>
    <property name="sun.jnu.encoding" value="Cp1250"/>
    <property name="java.library.path" value="C:\Program Files\Java\jdk1.8.0_221\bin;C:\Windows\Sun\Java\bin;C:\Windows\system32;C:\Windows;C:\Program Files (x86)\Common Files\Oracle\Java\javapath;C:\Windows\system32;C:\Windows;C:\Windows\System32\Wbem;C:\Windows\System32\WindowsPowerShell\v1.0\;C:\Windows\System32\OpenSSH\;C:\Program Files\Git\cmd;C:\Users\Kamil\AppData\Local\Android\Sdk\platform-tools;C:\Users\Kamil\AppData\Local\Android\Sdk\tools;C:\Users\Kamil\AppData\Local\Android\Sdk\tools\bin;C:\Program Files\Maven\apache-maven-3.6.2-bin\apache-maven-3.6.2\bin;C:\Program Files\nodejs\;C:\Program Files\Java\jdk1.8.0_221\bin;C:\Users\Kamil\AppData\Local\atom\bin;C:\Users\Kamil\AppData\Local\Programs\Fiddler;C:\Users\Kamil\AppData\Roaming\npm;C:\Program Files\Java\jdk1.8.0_221\bin;C:\ProgramData\Kamil\atom\bin;."/>
    <property name="maven.conf" value="C:\Program Files\Maven\apache-maven-3.6.2-bin\apache-maven-3.6.2\bin\../conf"/>
    <property name="java.specification.name" value="Java Platform API Specification"/>
    <property name="java.class.version" value="52.0"/>
    <property name="sun.management.compiler" value="HotSpot 64-Bit Tiered Compilers"/>
    <property name="os.version" value="10.0"/>
    <property name="library.jansi.path" value="C:\Program Files\Maven\apache-maven-3.6.2-bin\apache-maven-3.6.2\bin\..\lib\jansi-native"/>
    <property name="user.home" value="C:\Users\Kamil"/>
    <property name="user.timezone" value="Europe/Belgrade"/>
    <property name="java.awt.printerjob" value="sun.awt.windows.WPrinterJob"/>
    <property name="java.specification.version" value="1.8"/>
    <property name="file.encoding" value="Cp1250"/>
    <property name="user.name" value="Kamil"/>
    <property name="java.class.path" value="C:\Program Files\Maven\apache-maven-3.6.2-bin\apache-maven-3.6.2\bin\..\boot\plexus-classworlds-2.6.0.jar"/>
    <property name="java.vm.specification.version" value="1.8"/>
    <property name="sun.arch.data.model" value="64"/>
    <property name="java.home" value="C:\Program Files\Java\jdk1.8.0_221\jre"/>
    <property name="sun.java.command" value="org.codehaus.plexus.classworlds.launcher.Launcher test -P mainpage_tests"/>
    <property name="java.specification.vendor" value="Oracle Corporation"/>
    <property name="user.language" value="pl"/>
    <property name="awt.toolkit" value="sun.awt.windows.WToolkit"/>
    <property name="java.vm.info" value="mixed mode"/>
    <property name="java.version" value="1.8.0_221"/>
    <property name="java.ext.dirs" value="C:\Program Files\Java\jdk1.8.0_221\jre\lib\ext;C:\Windows\Sun\Java\lib\ext"/>
    <property name="sun.boot.class.path" value="C:\Program Files\Java\jdk1.8.0_221\jre\lib\resources.jar;C:\Program Files\Java\jdk1.8.0_221\jre\lib\rt.jar;C:\Program Files\Java\jdk1.8.0_221\jre\lib\sunrsasign.jar;C:\Program Files\Java\jdk1.8.0_221\jre\lib\jsse.jar;C:\Program Files\Java\jdk1.8.0_221\jre\lib\jce.jar;C:\Program Files\Java\jdk1.8.0_221\jre\lib\charsets.jar;C:\Program Files\Java\jdk1.8.0_221\jre\lib\jfr.jar;C:\Program Files\Java\jdk1.8.0_221\jre\classes"/>
    <property name="sun.stderr.encoding" value="cp852"/>
    <property name="java.vendor" value="Oracle Corporation"/>
    <property name="maven.home" value="C:\Program Files\Maven\apache-maven-3.6.2-bin\apache-maven-3.6.2\bin\.."/>
    <property name="file.separator" value="\"/>
    <property name="java.vendor.url.bug" value="http://bugreport.sun.com/bugreport/"/>
    <property name="sun.cpu.endian" value="little"/>
    <property name="sun.io.unicode.encoding" value="UnicodeLittle"/>
    <property name="sun.stdout.encoding" value="cp852"/>
    <property name="sun.desktop" value="windows"/>
    <property name="sun.cpu.isalist" value="amd64"/>
  </properties>
  <testcase classname="UITests.MainPageTest" name="anchor_link_with_correct_email" time="0.031"/>
  <testcase classname="UITests.MainPageTest" name="anchor_link_with_correct_email" time="0.029"/>
  <testcase classname="UITests.MainPageTest" name="anchor_link_with_correct_email" time="0.067"/>
  <testcase classname="UITests.MainPageTest" name="search_engine_founds_customer_case_sensitive" time="0.531"/>
  <testcase classname="UITests.MainPageTest" name="search_engine_founds_customer_case_sensitive" time="0.35"/>
  <testcase classname="UITests.MainPageTest" name="search_engine_founds_customer_case_sensitive" time="0.332"/>
  <testcase classname="UITests.MainPageTest" name="search_engine_founds_customer_case_sensitive" time="0.409"/>
  <testcase classname="UITests.MainPageTest" name="search_engine_founds_customer_case_sensitive" time="0.322"/>
  <testcase classname="UITests.MainPageTest" name="search_engine_founds_customer_case_sensitive" time="0.332"/>
  <testcase classname="UITests.MainPageTest" name="search_engine_founds_customer_case_sensitive" time="0.383"/>
  <testcase classname="UITests.MainPageTest" name="search_engine_founds_customer_case_sensitive" time="0.348"/>
  <testcase classname="UITests.MainPageTest" name="search_engine_founds_customer_case_sensitive" time="0.332"/>
  <testcase classname="UITests.MainPageTest" name="search_engine_founds_customer_case_sensitive" time="0.401"/>
  <testcase classname="UITests.MainPageTest" name="search_engine_founds_customer_case_sensitive" time="0.391"/>
  <testcase classname="UITests.MainPageTest" name="search_engine_founds_customer_case_sensitive" time="0.377"/>
  <testcase classname="UITests.MainPageTest" name="search_engine_founds_customer_not_case_sensitive" time="0.217"/>
  <testcase classname="UITests.MainPageTest" name="search_engine_founds_customer_not_case_sensitive" time="0.208"/>
  <testcase classname="UITests.MainPageTest" name="search_engine_founds_customer_not_case_sensitive" time="0.186"/>
  <testcase classname="UITests.MainPageTest" name="search_engine_founds_customer_not_case_sensitive" time="0.276"/>
  <testcase classname="UITests.MainPageTest" name="search_engine_founds_customer_not_case_sensitive" time="0.235"/>
  <testcase classname="UITests.MainPageTest" name="search_engine_founds_customer_not_case_sensitive" time="0.232"/>
  <testcase classname="UITests.MainPageTest" name="search_engine_founds_customer_not_case_sensitive" time="0.231"/>
  <testcase classname="UITests.MainPageTest" name="search_engine_founds_customer_not_case_sensitive" time="0.229"/>
  <testcase classname="UITests.MainPageTest" name="search_engine_founds_customer_not_case_sensitive" time="0.247"/>
  <testcase classname="UITests.MainPageTest" name="search_engine_founds_customer_not_case_sensitive" time="0.262"/>
  <testcase classname="UITests.MainPageTest" name="search_engine_founds_customer_not_case_sensitive" time="0.234"/>
  <testcase classname="UITests.MainPageTest" name="search_engine_founds_customer_not_case_sensitive" time="0.252"/>
</testsuite>