<?xml version="1.0" encoding="UTF-8"?>
<!-- Generated by org.testng.reporters.JUnitReportReporter -->
<testsuite skipped="0" hostname="DESKTOP-4VPCJRR" name="UITests.MainPageTest" tests="27" failures="0" timestamp="2020-05-11T21:52:45 CEST" time="7.509" errors="0">
  <testcase name="search_engine_founds_customer_not_case_sensitive" time="0.188" classname="UITests.MainPageTest"/>
  <system-out/>
  <testcase name="search_engine_founds_customer_not_case_sensitive" time="0.234" classname="UITests.MainPageTest"/>
  <system-out/>
  <testcase name="search_engine_founds_customer_case_sensitive" time="0.334" classname="UITests.MainPageTest"/>
  <system-out/>
  <testcase name="search_engine_founds_customer_not_case_sensitive" time="0.233" classname="UITests.MainPageTest"/>
  <system-out/>
  <testcase name="search_engine_founds_customer_not_case_sensitive" time="0.232" classname="UITests.MainPageTest"/>
  <system-out/>
  <testcase name="search_engine_founds_customer_case_sensitive" time="0.391" classname="UITests.MainPageTest"/>
  <system-out/>
  <testcase name="search_engine_founds_customer_case_sensitive" time="0.324" classname="UITests.MainPageTest"/>
  <system-out/>
  <testcase name="search_engine_founds_customer_not_case_sensitive" time="0.247" classname="UITests.MainPageTest"/>
  <system-out/>
  <testcase name="search_engine_founds_customer_case_sensitive" time="0.333" classname="UITests.MainPageTest"/>
  <system-out/>
  <testcase name="search_engine_founds_customer_case_sensitive" time="0.408" classname="UITests.MainPageTest"/>
  <system-out/>
  <testcase name="search_engine_founds_customer_not_case_sensitive" time="0.277" classname="UITests.MainPageTest"/>
  <system-out/>
  <testcase name="search_engine_founds_customer_case_sensitive" time="0.384" classname="UITests.MainPageTest"/>
  <system-out/>
  <testcase name="search_engine_founds_customer_not_case_sensitive" time="0.252" classname="UITests.MainPageTest"/>
  <system-out/>
  <testcase name="anchor_link_with_correct_email" time="0.030" classname="UITests.MainPageTest"/>
  <system-out/>
  <testcase name="search_engine_founds_customer_case_sensitive" time="0.350" classname="UITests.MainPageTest"/>
  <system-out/>
  <testcase name="search_engine_founds_customer_case_sensitive" time="0.348" classname="UITests.MainPageTest"/>
  <system-out/>
  <testcase name="anchor_link_with_correct_email" time="0.069" classname="UITests.MainPageTest"/>
  <system-out/>
  <testcase name="search_engine_founds_customer_not_case_sensitive" time="0.217" classname="UITests.MainPageTest"/>
  <system-out/>
  <testcase name="search_engine_founds_customer_case_sensitive" time="0.378" classname="UITests.MainPageTest"/>
  <system-out/>
  <testcase name="search_engine_founds_customer_not_case_sensitive" time="0.230" classname="UITests.MainPageTest"/>
  <system-out/>
  <testcase name="search_engine_founds_customer_not_case_sensitive" time="0.208" classname="UITests.MainPageTest"/>
  <system-out/>
  <testcase name="search_engine_founds_customer_not_case_sensitive" time="0.237" classname="UITests.MainPageTest"/>
  <system-out/>
  <testcase name="search_engine_founds_customer_not_case_sensitive" time="0.262" classname="UITests.MainPageTest"/>
  <system-out/>
  <testcase name="search_engine_founds_customer_case_sensitive" time="0.540" classname="UITests.MainPageTest"/>
  <system-out/>
  <testcase name="anchor_link_with_correct_email" time="0.067" classname="UITests.MainPageTest"/>
  <system-out/>
  <testcase name="search_engine_founds_customer_case_sensitive" time="0.334" classname="UITests.MainPageTest"/>
  <system-out/>
  <testcase name="search_engine_founds_customer_case_sensitive" time="0.402" classname="UITests.MainPageTest"/>
  <system-out/>
</testsuite> <!-- UITests.MainPageTest -->
